CRITICAL - 2020-09-20 11:52:36 --> Unable to connect to the database.
#0 /opt/lampp/htdocs/online_attendance_system/system/Database/BaseConnection.php(646): CodeIgniter\Database\BaseConnection->initialize()
#1 /opt/lampp/htdocs/online_attendance_system/system/Database/BaseBuilder.php(1860): CodeIgniter\Database\BaseConnection->query('SELECT *\nFROM `...', Array, false)
#2 /opt/lampp/htdocs/online_attendance_system/system/Model.php(462): CodeIgniter\Database\BaseBuilder->get()
#3 /opt/lampp/htdocs/online_attendance_system/app/Models/EmployeeModel.php(14): CodeIgniter\Model->findAll()
#4 /opt/lampp/htdocs/online_attendance_system/app/Controllers/LoginController.php(13): App\Models\EmployeeModel->getAllEmployee()
#5 /opt/lampp/htdocs/online_attendance_system/system/CodeIgniter.php(918): App\Controllers\LoginController->index()
#6 /opt/lampp/htdocs/online_attendance_system/system/CodeIgniter.php(404): CodeIgniter\CodeIgniter->runController(Object(App\Controllers\LoginController))
#7 /opt/lampp/htdocs/online_attendance_system/system/CodeIgniter.php(312): CodeIgniter\CodeIgniter->handleRequest(NULL, Object(Config\Cache), false)
#8 /opt/lampp/htdocs/online_attendance_system/index.php(45): CodeIgniter\CodeIgniter->run()
#9 {main}
CRITICAL - 2020-09-20 12:03:20 --> syntax error, unexpected 'container' (T_STRING)
#0 /opt/lampp/htdocs/online_attendance_system/system/Common.php(1119): CodeIgniter\View\View->render('pages/Login', Array, true)
#1 /opt/lampp/htdocs/online_attendance_system/app/Controllers/LoginController.php(15): view('pages/Login', Array)
#2 /opt/lampp/htdocs/online_attendance_system/system/CodeIgniter.php(918): App\Controllers\LoginController->index()
#3 /opt/lampp/htdocs/online_attendance_system/system/CodeIgniter.php(404): CodeIgniter\CodeIgniter->runController(Object(App\Controllers\LoginController))
#4 /opt/lampp/htdocs/online_attendance_system/system/CodeIgniter.php(312): CodeIgniter\CodeIgniter->handleRequest(NULL, Object(Config\Cache), false)
#5 /opt/lampp/htdocs/online_attendance_system/index.php(45): CodeIgniter\CodeIgniter->run()
#6 {main}
CRITICAL - 2020-09-20 12:03:51 --> syntax error, unexpected 'container' (T_STRING)
#0 /opt/lampp/htdocs/online_attendance_system/system/Common.php(1119): CodeIgniter\View\View->render('pages/Login', Array, true)
#1 /opt/lampp/htdocs/online_attendance_system/app/Controllers/LoginController.php(15): view('pages/Login', Array)
#2 /opt/lampp/htdocs/online_attendance_system/system/CodeIgniter.php(918): App\Controllers\LoginController->index()
#3 /opt/lampp/htdocs/online_attendance_system/system/CodeIgniter.php(404): CodeIgniter\CodeIgniter->runController(Object(App\Controllers\LoginController))
#4 /opt/lampp/htdocs/online_attendance_system/system/CodeIgniter.php(312): CodeIgniter\CodeIgniter->handleRequest(NULL, Object(Config\Cache), false)
#5 /opt/lampp/htdocs/online_attendance_system/index.php(45): CodeIgniter\CodeIgniter->run()
#6 {main}
CRITICAL - 2020-09-20 12:03:59 --> syntax error, unexpected '.'
#0 /opt/lampp/htdocs/online_attendance_system/system/Common.php(1119): CodeIgniter\View\View->render('pages/Login', Array, true)
#1 /opt/lampp/htdocs/online_attendance_system/app/Controllers/LoginController.php(15): view('pages/Login', Array)
#2 /opt/lampp/htdocs/online_attendance_system/system/CodeIgniter.php(918): App\Controllers\LoginController->index()
#3 /opt/lampp/htdocs/online_attendance_system/system/CodeIgniter.php(404): CodeIgniter\CodeIgniter->runController(Object(App\Controllers\LoginController))
#4 /opt/lampp/htdocs/online_attendance_system/system/CodeIgniter.php(312): CodeIgniter\CodeIgniter->handleRequest(NULL, Object(Config\Cache), false)
#5 /opt/lampp/htdocs/online_attendance_system/index.php(45): CodeIgniter\CodeIgniter->run()
#6 {main}
