CRITICAL - 2020-09-18 08:51:36 --> Undefined index: CI_ENVIRONMENT
#0 C:\xampp\htdocs\Tematik\framework-4.0.4\app\Views\welcome_message.php(313): CodeIgniter\Debug\Exceptions->errorHandler(8, 'Undefined index...', 'C:\\xampp\\htdocs...', 313, Array)
#1 C:\xampp\htdocs\Tematik\framework-4.0.4\system\View\View.php(246): include('C:\\xampp\\htdocs...')
#2 C:\xampp\htdocs\Tematik\framework-4.0.4\system\Common.php(1119): CodeIgniter\View\View->render('welcome_message', Array, true)
#3 C:\xampp\htdocs\Tematik\framework-4.0.4\app\Controllers\Home.php(7): view('welcome_message')
#4 C:\xampp\htdocs\Tematik\framework-4.0.4\system\CodeIgniter.php(918): App\Controllers\Home->index()
#5 C:\xampp\htdocs\Tematik\framework-4.0.4\system\CodeIgniter.php(404): CodeIgniter\CodeIgniter->runController(Object(App\Controllers\Home))
#6 C:\xampp\htdocs\Tematik\framework-4.0.4\system\CodeIgniter.php(312): CodeIgniter\CodeIgniter->handleRequest(NULL, Object(Config\Cache), false)
#7 C:\xampp\htdocs\Tematik\framework-4.0.4\public\index.php(45): CodeIgniter\CodeIgniter->run()
#8 {main}
CRITICAL - 2020-09-18 08:51:53 --> Undefined index: CI_ENVIRONMENT
#0 C:\xampp\htdocs\Tematik\framework-4.0.4\app\Views\welcome_message.php(313): CodeIgniter\Debug\Exceptions->errorHandler(8, 'Undefined index...', 'C:\\xampp\\htdocs...', 313, Array)
#1 C:\xampp\htdocs\Tematik\framework-4.0.4\system\View\View.php(246): include('C:\\xampp\\htdocs...')
#2 C:\xampp\htdocs\Tematik\framework-4.0.4\system\Common.php(1119): CodeIgniter\View\View->render('welcome_message', Array, true)
#3 C:\xampp\htdocs\Tematik\framework-4.0.4\app\Controllers\Home.php(7): view('welcome_message')
#4 C:\xampp\htdocs\Tematik\framework-4.0.4\system\CodeIgniter.php(918): App\Controllers\Home->index()
#5 C:\xampp\htdocs\Tematik\framework-4.0.4\system\CodeIgniter.php(404): CodeIgniter\CodeIgniter->runController(Object(App\Controllers\Home))
#6 C:\xampp\htdocs\Tematik\framework-4.0.4\system\CodeIgniter.php(312): CodeIgniter\CodeIgniter->handleRequest(NULL, Object(Config\Cache), false)
#7 C:\xampp\htdocs\Tematik\framework-4.0.4\public\index.php(45): CodeIgniter\CodeIgniter->run()
#8 {main}
CRITICAL - 2020-09-18 08:51:56 --> Undefined index: CI_ENVIRONMENT
#0 C:\xampp\htdocs\Tematik\framework-4.0.4\app\Views\welcome_message.php(313): CodeIgniter\Debug\Exceptions->errorHandler(8, 'Undefined index...', 'C:\\xampp\\htdocs...', 313, Array)
#1 C:\xampp\htdocs\Tematik\framework-4.0.4\system\View\View.php(246): include('C:\\xampp\\htdocs...')
#2 C:\xampp\htdocs\Tematik\framework-4.0.4\system\Common.php(1119): CodeIgniter\View\View->render('welcome_message', Array, true)
#3 C:\xampp\htdocs\Tematik\framework-4.0.4\app\Controllers\Home.php(7): view('welcome_message')
#4 C:\xampp\htdocs\Tematik\framework-4.0.4\system\CodeIgniter.php(918): App\Controllers\Home->index()
#5 C:\xampp\htdocs\Tematik\framework-4.0.4\system\CodeIgniter.php(404): CodeIgniter\CodeIgniter->runController(Object(App\Controllers\Home))
#6 C:\xampp\htdocs\Tematik\framework-4.0.4\system\CodeIgniter.php(312): CodeIgniter\CodeIgniter->handleRequest(NULL, Object(Config\Cache), false)
#7 C:\xampp\htdocs\Tematik\framework-4.0.4\public\index.php(45): CodeIgniter\CodeIgniter->run()
#8 {main}
CRITICAL - 2020-09-18 08:55:08 --> Unable to connect to the database.
#0 C:\xampp\htdocs\Tematik\framework-4.0.4\system\Database\BaseConnection.php(646): CodeIgniter\Database\BaseConnection->initialize()
#1 C:\xampp\htdocs\Tematik\framework-4.0.4\system\Database\BaseBuilder.php(1860): CodeIgniter\Database\BaseConnection->query('SELECT *\nFROM `...', Array, false)
#2 C:\xampp\htdocs\Tematik\framework-4.0.4\system\Model.php(462): CodeIgniter\Database\BaseBuilder->get()
#3 C:\xampp\htdocs\Tematik\framework-4.0.4\app\Models\EmployeeModel.php(13): CodeIgniter\Model->findAll()
#4 C:\xampp\htdocs\Tematik\framework-4.0.4\app\Controllers\LoginController.php(13): App\Models\EmployeeModel->getAllEmployee()
#5 C:\xampp\htdocs\Tematik\framework-4.0.4\system\CodeIgniter.php(918): App\Controllers\LoginController->index()
#6 C:\xampp\htdocs\Tematik\framework-4.0.4\system\CodeIgniter.php(404): CodeIgniter\CodeIgniter->runController(Object(App\Controllers\LoginController))
#7 C:\xampp\htdocs\Tematik\framework-4.0.4\system\CodeIgniter.php(312): CodeIgniter\CodeIgniter->handleRequest(NULL, Object(Config\Cache), false)
#8 C:\xampp\htdocs\Tematik\framework-4.0.4\public\index.php(45): CodeIgniter\CodeIgniter->run()
#9 {main}
CRITICAL - 2020-09-18 09:10:29 --> Undefined index: Email
#0 C:\xampp\htdocs\Tematik\online_attendance_system\app\Models\EmployeeModel.php(18): CodeIgniter\Debug\Exceptions->errorHandler(8, 'Undefined index...', 'C:\\xampp\\htdocs...', 18, Array)
#1 C:\xampp\htdocs\Tematik\online_attendance_system\app\Controllers\ProfileController.php(13): App\Models\EmployeeModel->getSelectedEmployee('steven.wijaya2@...')
#2 C:\xampp\htdocs\Tematik\online_attendance_system\system\CodeIgniter.php(918): App\Controllers\ProfileController->index()
#3 C:\xampp\htdocs\Tematik\online_attendance_system\system\CodeIgniter.php(404): CodeIgniter\CodeIgniter->runController(Object(App\Controllers\ProfileController))
#4 C:\xampp\htdocs\Tematik\online_attendance_system\system\CodeIgniter.php(312): CodeIgniter\CodeIgniter->handleRequest(NULL, Object(Config\Cache), false)
#5 C:\xampp\htdocs\Tematik\online_attendance_system\public\index.php(45): CodeIgniter\CodeIgniter->run()
#6 C:\xampp\htdocs\Tematik\online_attendance_system\vendor\codeigniter4\framework\system\Commands\Server\rewrite.php(34): require_once('C:\\xampp\\htdocs...')
#7 {main}
CRITICAL - 2020-09-18 09:15:44 --> Undefined index: divison_id
#0 C:\xampp\htdocs\Tematik\online_attendance_system\app\Models\EmployeeModel.php(25): CodeIgniter\Debug\Exceptions->errorHandler(8, 'Undefined index...', 'C:\\xampp\\htdocs...', 25, Array)
#1 C:\xampp\htdocs\Tematik\online_attendance_system\app\Controllers\ProfileController.php(13): App\Models\EmployeeModel->getSelectedEmployee('steven.wijaya2@...')
#2 C:\xampp\htdocs\Tematik\online_attendance_system\system\CodeIgniter.php(918): App\Controllers\ProfileController->index()
#3 C:\xampp\htdocs\Tematik\online_attendance_system\system\CodeIgniter.php(404): CodeIgniter\CodeIgniter->runController(Object(App\Controllers\ProfileController))
#4 C:\xampp\htdocs\Tematik\online_attendance_system\system\CodeIgniter.php(312): CodeIgniter\CodeIgniter->handleRequest(NULL, Object(Config\Cache), false)
#5 C:\xampp\htdocs\Tematik\online_attendance_system\public\index.php(45): CodeIgniter\CodeIgniter->run()
#6 C:\xampp\htdocs\Tematik\online_attendance_system\vendor\codeigniter4\framework\system\Commands\Server\rewrite.php(34): require_once('C:\\xampp\\htdocs...')
#7 {main}
CRITICAL - 2020-09-18 09:21:00 --> syntax error, unexpected '?>', expecting ']'
#0 C:\xampp\htdocs\Tematik\online_attendance_system\system\Common.php(1119): CodeIgniter\View\View->render('pages/Profile', Array, true)
#1 C:\xampp\htdocs\Tematik\online_attendance_system\app\Controllers\ProfileController.php(14): view('pages/Profile', Array)
#2 C:\xampp\htdocs\Tematik\online_attendance_system\system\CodeIgniter.php(918): App\Controllers\ProfileController->index()
#3 C:\xampp\htdocs\Tematik\online_attendance_system\system\CodeIgniter.php(404): CodeIgniter\CodeIgniter->runController(Object(App\Controllers\ProfileController))
#4 C:\xampp\htdocs\Tematik\online_attendance_system\system\CodeIgniter.php(312): CodeIgniter\CodeIgniter->handleRequest(NULL, Object(Config\Cache), false)
#5 C:\xampp\htdocs\Tematik\online_attendance_system\public\index.php(45): CodeIgniter\CodeIgniter->run()
#6 C:\xampp\htdocs\Tematik\online_attendance_system\vendor\codeigniter4\framework\system\Commands\Server\rewrite.php(34): require_once('C:\\xampp\\htdocs...')
#7 {main}
CRITICAL - 2020-09-18 09:21:15 --> Illegal string offset 'employeeImageurl'
#0 C:\xampp\htdocs\Tematik\online_attendance_system\app\Views\pages\Profile.php(3): CodeIgniter\Debug\Exceptions->errorHandler(2, 'Illegal string ...', 'C:\\xampp\\htdocs...', 3, Array)
#1 C:\xampp\htdocs\Tematik\online_attendance_system\system\View\View.php(246): include('C:\\xampp\\htdocs...')
#2 C:\xampp\htdocs\Tematik\online_attendance_system\system\Common.php(1119): CodeIgniter\View\View->render('pages/Profile', Array, true)
#3 C:\xampp\htdocs\Tematik\online_attendance_system\app\Controllers\ProfileController.php(14): view('pages/Profile', Array)
#4 C:\xampp\htdocs\Tematik\online_attendance_system\system\CodeIgniter.php(918): App\Controllers\ProfileController->index()
#5 C:\xampp\htdocs\Tematik\online_attendance_system\system\CodeIgniter.php(404): CodeIgniter\CodeIgniter->runController(Object(App\Controllers\ProfileController))
#6 C:\xampp\htdocs\Tematik\online_attendance_system\system\CodeIgniter.php(312): CodeIgniter\CodeIgniter->handleRequest(NULL, Object(Config\Cache), false)
#7 C:\xampp\htdocs\Tematik\online_attendance_system\public\index.php(45): CodeIgniter\CodeIgniter->run()
#8 C:\xampp\htdocs\Tematik\online_attendance_system\vendor\codeigniter4\framework\system\Commands\Server\rewrite.php(34): require_once('C:\\xampp\\htdocs...')
#9 {main}
CRITICAL - 2020-09-18 09:21:31 --> Illegal string offset 'employeeImageurl'
#0 C:\xampp\htdocs\Tematik\online_attendance_system\app\Views\pages\Profile.php(3): CodeIgniter\Debug\Exceptions->errorHandler(2, 'Illegal string ...', 'C:\\xampp\\htdocs...', 3, Array)
#1 C:\xampp\htdocs\Tematik\online_attendance_system\system\View\View.php(246): include('C:\\xampp\\htdocs...')
#2 C:\xampp\htdocs\Tematik\online_attendance_system\system\Common.php(1119): CodeIgniter\View\View->render('pages/Profile', Array, true)
#3 C:\xampp\htdocs\Tematik\online_attendance_system\app\Controllers\ProfileController.php(14): view('pages/Profile', Array)
#4 C:\xampp\htdocs\Tematik\online_attendance_system\system\CodeIgniter.php(918): App\Controllers\ProfileController->index()
#5 C:\xampp\htdocs\Tematik\online_attendance_system\system\CodeIgniter.php(404): CodeIgniter\CodeIgniter->runController(Object(App\Controllers\ProfileController))
#6 C:\xampp\htdocs\Tematik\online_attendance_system\system\CodeIgniter.php(312): CodeIgniter\CodeIgniter->handleRequest(NULL, Object(Config\Cache), false)
#7 C:\xampp\htdocs\Tematik\online_attendance_system\public\index.php(45): CodeIgniter\CodeIgniter->run()
#8 C:\xampp\htdocs\Tematik\online_attendance_system\vendor\codeigniter4\framework\system\Commands\Server\rewrite.php(34): require_once('C:\\xampp\\htdocs...')
#9 {main}
CRITICAL - 2020-09-18 09:21:56 --> Illegal string offset 'employeeImageurl'
#0 C:\xampp\htdocs\Tematik\online_attendance_system\app\Views\pages\Profile.php(3): CodeIgniter\Debug\Exceptions->errorHandler(2, 'Illegal string ...', 'C:\\xampp\\htdocs...', 3, Array)
#1 C:\xampp\htdocs\Tematik\online_attendance_system\system\View\View.php(246): include('C:\\xampp\\htdocs...')
#2 C:\xampp\htdocs\Tematik\online_attendance_system\system\Common.php(1119): CodeIgniter\View\View->render('pages/Profile', Array, true)
#3 C:\xampp\htdocs\Tematik\online_attendance_system\app\Controllers\ProfileController.php(14): view('pages/Profile', Array)
#4 C:\xampp\htdocs\Tematik\online_attendance_system\system\CodeIgniter.php(918): App\Controllers\ProfileController->index()
#5 C:\xampp\htdocs\Tematik\online_attendance_system\system\CodeIgniter.php(404): CodeIgniter\CodeIgniter->runController(Object(App\Controllers\ProfileController))
#6 C:\xampp\htdocs\Tematik\online_attendance_system\system\CodeIgniter.php(312): CodeIgniter\CodeIgniter->handleRequest(NULL, Object(Config\Cache), false)
#7 C:\xampp\htdocs\Tematik\online_attendance_system\public\index.php(45): CodeIgniter\CodeIgniter->run()
#8 C:\xampp\htdocs\Tematik\online_attendance_system\vendor\codeigniter4\framework\system\Commands\Server\rewrite.php(34): require_once('C:\\xampp\\htdocs...')
#9 {main}
CRITICAL - 2020-09-18 09:22:46 --> json_decode() expects parameter 1 to be string, array given
#0 [internal function]: CodeIgniter\Debug\Exceptions->errorHandler(2, 'json_decode() e...', 'C:\\xampp\\htdocs...', 3, Array)
#1 C:\xampp\htdocs\Tematik\online_attendance_system\app\Views\pages\Profile.php(3): json_decode(Array)
#2 C:\xampp\htdocs\Tematik\online_attendance_system\system\View\View.php(246): include('C:\\xampp\\htdocs...')
#3 C:\xampp\htdocs\Tematik\online_attendance_system\system\Common.php(1119): CodeIgniter\View\View->render('pages/Profile', Array, true)
#4 C:\xampp\htdocs\Tematik\online_attendance_system\app\Controllers\ProfileController.php(14): view('pages/Profile', Array)
#5 C:\xampp\htdocs\Tematik\online_attendance_system\system\CodeIgniter.php(918): App\Controllers\ProfileController->index()
#6 C:\xampp\htdocs\Tematik\online_attendance_system\system\CodeIgniter.php(404): CodeIgniter\CodeIgniter->runController(Object(App\Controllers\ProfileController))
#7 C:\xampp\htdocs\Tematik\online_attendance_system\system\CodeIgniter.php(312): CodeIgniter\CodeIgniter->handleRequest(NULL, Object(Config\Cache), false)
#8 C:\xampp\htdocs\Tematik\online_attendance_system\public\index.php(45): CodeIgniter\CodeIgniter->run()
#9 C:\xampp\htdocs\Tematik\online_attendance_system\vendor\codeigniter4\framework\system\Commands\Server\rewrite.php(34): require_once('C:\\xampp\\htdocs...')
#10 {main}
CRITICAL - 2020-09-18 09:22:57 --> Illegal string offset 'employeeImageurl'
#0 C:\xampp\htdocs\Tematik\online_attendance_system\app\Views\pages\Profile.php(3): CodeIgniter\Debug\Exceptions->errorHandler(2, 'Illegal string ...', 'C:\\xampp\\htdocs...', 3, Array)
#1 C:\xampp\htdocs\Tematik\online_attendance_system\system\View\View.php(246): include('C:\\xampp\\htdocs...')
#2 C:\xampp\htdocs\Tematik\online_attendance_system\system\Common.php(1119): CodeIgniter\View\View->render('pages/Profile', Array, true)
#3 C:\xampp\htdocs\Tematik\online_attendance_system\app\Controllers\ProfileController.php(14): view('pages/Profile', Array)
#4 C:\xampp\htdocs\Tematik\online_attendance_system\system\CodeIgniter.php(918): App\Controllers\ProfileController->index()
#5 C:\xampp\htdocs\Tematik\online_attendance_system\system\CodeIgniter.php(404): CodeIgniter\CodeIgniter->runController(Object(App\Controllers\ProfileController))
#6 C:\xampp\htdocs\Tematik\online_attendance_system\system\CodeIgniter.php(312): CodeIgniter\CodeIgniter->handleRequest(NULL, Object(Config\Cache), false)
#7 C:\xampp\htdocs\Tematik\online_attendance_system\public\index.php(45): CodeIgniter\CodeIgniter->run()
#8 C:\xampp\htdocs\Tematik\online_attendance_system\vendor\codeigniter4\framework\system\Commands\Server\rewrite.php(34): require_once('C:\\xampp\\htdocs...')
#9 {main}
CRITICAL - 2020-09-18 09:23:54 --> json_decode() expects parameter 1 to be string, array given
#0 [internal function]: CodeIgniter\Debug\Exceptions->errorHandler(2, 'json_decode() e...', 'C:\\xampp\\htdocs...', 27, Array)
#1 C:\xampp\htdocs\Tematik\online_attendance_system\app\Models\EmployeeModel.php(27): json_decode(Array)
#2 C:\xampp\htdocs\Tematik\online_attendance_system\app\Controllers\ProfileController.php(13): App\Models\EmployeeModel->getSelectedEmployee('steven.wijaya2@...')
#3 C:\xampp\htdocs\Tematik\online_attendance_system\system\CodeIgniter.php(918): App\Controllers\ProfileController->index()
#4 C:\xampp\htdocs\Tematik\online_attendance_system\system\CodeIgniter.php(404): CodeIgniter\CodeIgniter->runController(Object(App\Controllers\ProfileController))
#5 C:\xampp\htdocs\Tematik\online_attendance_system\system\CodeIgniter.php(312): CodeIgniter\CodeIgniter->handleRequest(NULL, Object(Config\Cache), false)
#6 C:\xampp\htdocs\Tematik\online_attendance_system\public\index.php(45): CodeIgniter\CodeIgniter->run()
#7 C:\xampp\htdocs\Tematik\online_attendance_system\vendor\codeigniter4\framework\system\Commands\Server\rewrite.php(34): require_once('C:\\xampp\\htdocs...')
#8 {main}
CRITICAL - 2020-09-18 09:25:21 --> Illegal string offset 'employeeEmail'
#0 C:\xampp\htdocs\Tematik\online_attendance_system\app\Views\pages\Profile.php(3): CodeIgniter\Debug\Exceptions->errorHandler(2, 'Illegal string ...', 'C:\\xampp\\htdocs...', 3, Array)
#1 C:\xampp\htdocs\Tematik\online_attendance_system\system\View\View.php(246): include('C:\\xampp\\htdocs...')
#2 C:\xampp\htdocs\Tematik\online_attendance_system\system\Common.php(1119): CodeIgniter\View\View->render('pages/Profile', Array, true)
#3 C:\xampp\htdocs\Tematik\online_attendance_system\app\Controllers\ProfileController.php(15): view('pages/Profile', Array)
#4 C:\xampp\htdocs\Tematik\online_attendance_system\system\CodeIgniter.php(918): App\Controllers\ProfileController->index()
#5 C:\xampp\htdocs\Tematik\online_attendance_system\system\CodeIgniter.php(404): CodeIgniter\CodeIgniter->runController(Object(App\Controllers\ProfileController))
#6 C:\xampp\htdocs\Tematik\online_attendance_system\system\CodeIgniter.php(312): CodeIgniter\CodeIgniter->handleRequest(NULL, Object(Config\Cache), false)
#7 C:\xampp\htdocs\Tematik\online_attendance_system\public\index.php(45): CodeIgniter\CodeIgniter->run()
#8 C:\xampp\htdocs\Tematik\online_attendance_system\vendor\codeigniter4\framework\system\Commands\Server\rewrite.php(34): require_once('C:\\xampp\\htdocs...')
#9 {main}
CRITICAL - 2020-09-18 09:25:33 --> Illegal string offset 'employeeEmail'
#0 C:\xampp\htdocs\Tematik\online_attendance_system\app\Views\pages\Profile.php(3): CodeIgniter\Debug\Exceptions->errorHandler(2, 'Illegal string ...', 'C:\\xampp\\htdocs...', 3, Array)
#1 C:\xampp\htdocs\Tematik\online_attendance_system\system\View\View.php(246): include('C:\\xampp\\htdocs...')
#2 C:\xampp\htdocs\Tematik\online_attendance_system\system\Common.php(1119): CodeIgniter\View\View->render('pages/Profile', Array, true)
#3 C:\xampp\htdocs\Tematik\online_attendance_system\app\Controllers\ProfileController.php(15): view('pages/Profile', Array)
#4 C:\xampp\htdocs\Tematik\online_attendance_system\system\CodeIgniter.php(918): App\Controllers\ProfileController->index()
#5 C:\xampp\htdocs\Tematik\online_attendance_system\system\CodeIgniter.php(404): CodeIgniter\CodeIgniter->runController(Object(App\Controllers\ProfileController))
#6 C:\xampp\htdocs\Tematik\online_attendance_system\system\CodeIgniter.php(312): CodeIgniter\CodeIgniter->handleRequest(NULL, Object(Config\Cache), false)
#7 C:\xampp\htdocs\Tematik\online_attendance_system\public\index.php(45): CodeIgniter\CodeIgniter->run()
#8 C:\xampp\htdocs\Tematik\online_attendance_system\vendor\codeigniter4\framework\system\Commands\Server\rewrite.php(34): require_once('C:\\xampp\\htdocs...')
#9 {main}
CRITICAL - 2020-09-18 09:26:13 --> Illegal string offset 'employeeEmail'
#0 C:\xampp\htdocs\Tematik\online_attendance_system\app\Views\pages\Profile.php(3): CodeIgniter\Debug\Exceptions->errorHandler(2, 'Illegal string ...', 'C:\\xampp\\htdocs...', 3, Array)
#1 C:\xampp\htdocs\Tematik\online_attendance_system\system\View\View.php(246): include('C:\\xampp\\htdocs...')
#2 C:\xampp\htdocs\Tematik\online_attendance_system\system\Common.php(1119): CodeIgniter\View\View->render('pages/Profile', Array, true)
#3 C:\xampp\htdocs\Tematik\online_attendance_system\app\Controllers\ProfileController.php(15): view('pages/Profile', Array)
#4 C:\xampp\htdocs\Tematik\online_attendance_system\system\CodeIgniter.php(918): App\Controllers\ProfileController->index()
#5 C:\xampp\htdocs\Tematik\online_attendance_system\system\CodeIgniter.php(404): CodeIgniter\CodeIgniter->runController(Object(App\Controllers\ProfileController))
#6 C:\xampp\htdocs\Tematik\online_attendance_system\system\CodeIgniter.php(312): CodeIgniter\CodeIgniter->handleRequest(NULL, Object(Config\Cache), false)
#7 C:\xampp\htdocs\Tematik\online_attendance_system\public\index.php(45): CodeIgniter\CodeIgniter->run()
#8 C:\xampp\htdocs\Tematik\online_attendance_system\vendor\codeigniter4\framework\system\Commands\Server\rewrite.php(34): require_once('C:\\xampp\\htdocs...')
#9 {main}
CRITICAL - 2020-09-18 09:26:14 --> Illegal string offset 'employeeEmail'
#0 C:\xampp\htdocs\Tematik\online_attendance_system\app\Views\pages\Profile.php(3): CodeIgniter\Debug\Exceptions->errorHandler(2, 'Illegal string ...', 'C:\\xampp\\htdocs...', 3, Array)
#1 C:\xampp\htdocs\Tematik\online_attendance_system\system\View\View.php(246): include('C:\\xampp\\htdocs...')
#2 C:\xampp\htdocs\Tematik\online_attendance_system\system\Common.php(1119): CodeIgniter\View\View->render('pages/Profile', Array, true)
#3 C:\xampp\htdocs\Tematik\online_attendance_system\app\Controllers\ProfileController.php(15): view('pages/Profile', Array)
#4 C:\xampp\htdocs\Tematik\online_attendance_system\system\CodeIgniter.php(918): App\Controllers\ProfileController->index()
#5 C:\xampp\htdocs\Tematik\online_attendance_system\system\CodeIgniter.php(404): CodeIgniter\CodeIgniter->runController(Object(App\Controllers\ProfileController))
#6 C:\xampp\htdocs\Tematik\online_attendance_system\system\CodeIgniter.php(312): CodeIgniter\CodeIgniter->handleRequest(NULL, Object(Config\Cache), false)
#7 C:\xampp\htdocs\Tematik\online_attendance_system\public\index.php(45): CodeIgniter\CodeIgniter->run()
#8 C:\xampp\htdocs\Tematik\online_attendance_system\vendor\codeigniter4\framework\system\Commands\Server\rewrite.php(34): require_once('C:\\xampp\\htdocs...')
#9 {main}
CRITICAL - 2020-09-18 09:26:15 --> Illegal string offset 'employeeEmail'
#0 C:\xampp\htdocs\Tematik\online_attendance_system\app\Views\pages\Profile.php(3): CodeIgniter\Debug\Exceptions->errorHandler(2, 'Illegal string ...', 'C:\\xampp\\htdocs...', 3, Array)
#1 C:\xampp\htdocs\Tematik\online_attendance_system\system\View\View.php(246): include('C:\\xampp\\htdocs...')
#2 C:\xampp\htdocs\Tematik\online_attendance_system\system\Common.php(1119): CodeIgniter\View\View->render('pages/Profile', Array, true)
#3 C:\xampp\htdocs\Tematik\online_attendance_system\app\Controllers\ProfileController.php(15): view('pages/Profile', Array)
#4 C:\xampp\htdocs\Tematik\online_attendance_system\system\CodeIgniter.php(918): App\Controllers\ProfileController->index()
#5 C:\xampp\htdocs\Tematik\online_attendance_system\system\CodeIgniter.php(404): CodeIgniter\CodeIgniter->runController(Object(App\Controllers\ProfileController))
#6 C:\xampp\htdocs\Tematik\online_attendance_system\system\CodeIgniter.php(312): CodeIgniter\CodeIgniter->handleRequest(NULL, Object(Config\Cache), false)
#7 C:\xampp\htdocs\Tematik\online_attendance_system\public\index.php(45): CodeIgniter\CodeIgniter->run()
#8 C:\xampp\htdocs\Tematik\online_attendance_system\vendor\codeigniter4\framework\system\Commands\Server\rewrite.php(34): require_once('C:\\xampp\\htdocs...')
#9 {main}
CRITICAL - 2020-09-18 09:26:15 --> Illegal string offset 'employeeEmail'
#0 C:\xampp\htdocs\Tematik\online_attendance_system\app\Views\pages\Profile.php(3): CodeIgniter\Debug\Exceptions->errorHandler(2, 'Illegal string ...', 'C:\\xampp\\htdocs...', 3, Array)
#1 C:\xampp\htdocs\Tematik\online_attendance_system\system\View\View.php(246): include('C:\\xampp\\htdocs...')
#2 C:\xampp\htdocs\Tematik\online_attendance_system\system\Common.php(1119): CodeIgniter\View\View->render('pages/Profile', Array, true)
#3 C:\xampp\htdocs\Tematik\online_attendance_system\app\Controllers\ProfileController.php(15): view('pages/Profile', Array)
#4 C:\xampp\htdocs\Tematik\online_attendance_system\system\CodeIgniter.php(918): App\Controllers\ProfileController->index()
#5 C:\xampp\htdocs\Tematik\online_attendance_system\system\CodeIgniter.php(404): CodeIgniter\CodeIgniter->runController(Object(App\Controllers\ProfileController))
#6 C:\xampp\htdocs\Tematik\online_attendance_system\system\CodeIgniter.php(312): CodeIgniter\CodeIgniter->handleRequest(NULL, Object(Config\Cache), false)
#7 C:\xampp\htdocs\Tematik\online_attendance_system\public\index.php(45): CodeIgniter\CodeIgniter->run()
#8 C:\xampp\htdocs\Tematik\online_attendance_system\vendor\codeigniter4\framework\system\Commands\Server\rewrite.php(34): require_once('C:\\xampp\\htdocs...')
#9 {main}
CRITICAL - 2020-09-18 09:26:33 --> Illegal string offset 'employeeEmail'
#0 C:\xampp\htdocs\Tematik\online_attendance_system\app\Views\pages\Profile.php(3): CodeIgniter\Debug\Exceptions->errorHandler(2, 'Illegal string ...', 'C:\\xampp\\htdocs...', 3, Array)
#1 C:\xampp\htdocs\Tematik\online_attendance_system\system\View\View.php(246): include('C:\\xampp\\htdocs...')
#2 C:\xampp\htdocs\Tematik\online_attendance_system\system\Common.php(1119): CodeIgniter\View\View->render('pages/Profile', Array, true)
#3 C:\xampp\htdocs\Tematik\online_attendance_system\app\Controllers\ProfileController.php(15): view('pages/Profile', Array)
#4 C:\xampp\htdocs\Tematik\online_attendance_system\system\CodeIgniter.php(918): App\Controllers\ProfileController->index()
#5 C:\xampp\htdocs\Tematik\online_attendance_system\system\CodeIgniter.php(404): CodeIgniter\CodeIgniter->runController(Object(App\Controllers\ProfileController))
#6 C:\xampp\htdocs\Tematik\online_attendance_system\system\CodeIgniter.php(312): CodeIgniter\CodeIgniter->handleRequest(NULL, Object(Config\Cache), false)
#7 C:\xampp\htdocs\Tematik\online_attendance_system\public\index.php(45): CodeIgniter\CodeIgniter->run()
#8 C:\xampp\htdocs\Tematik\online_attendance_system\vendor\codeigniter4\framework\system\Commands\Server\rewrite.php(34): require_once('C:\\xampp\\htdocs...')
#9 {main}
CRITICAL - 2020-09-18 09:26:59 --> syntax error, unexpected 'echo' (T_ECHO)
#0 C:\xampp\htdocs\Tematik\online_attendance_system\system\Common.php(1119): CodeIgniter\View\View->render('pages/Profile', Array, true)
#1 C:\xampp\htdocs\Tematik\online_attendance_system\app\Controllers\ProfileController.php(15): view('pages/Profile', Array)
#2 C:\xampp\htdocs\Tematik\online_attendance_system\system\CodeIgniter.php(918): App\Controllers\ProfileController->index()
#3 C:\xampp\htdocs\Tematik\online_attendance_system\system\CodeIgniter.php(404): CodeIgniter\CodeIgniter->runController(Object(App\Controllers\ProfileController))
#4 C:\xampp\htdocs\Tematik\online_attendance_system\system\CodeIgniter.php(312): CodeIgniter\CodeIgniter->handleRequest(NULL, Object(Config\Cache), false)
#5 C:\xampp\htdocs\Tematik\online_attendance_system\public\index.php(45): CodeIgniter\CodeIgniter->run()
#6 C:\xampp\htdocs\Tematik\online_attendance_system\vendor\codeigniter4\framework\system\Commands\Server\rewrite.php(34): require_once('C:\\xampp\\htdocs...')
#7 {main}
CRITICAL - 2020-09-18 09:28:46 --> Illegal string offset 'emloyeeEmail'
#0 C:\xampp\htdocs\Tematik\online_attendance_system\app\Views\pages\Profile.php(6): CodeIgniter\Debug\Exceptions->errorHandler(2, 'Illegal string ...', 'C:\\xampp\\htdocs...', 6, Array)
#1 C:\xampp\htdocs\Tematik\online_attendance_system\system\View\View.php(246): include('C:\\xampp\\htdocs...')
#2 C:\xampp\htdocs\Tematik\online_attendance_system\system\Common.php(1119): CodeIgniter\View\View->render('pages/Profile', Array, true)
#3 C:\xampp\htdocs\Tematik\online_attendance_system\app\Controllers\ProfileController.php(15): view('pages/Profile', Array)
#4 C:\xampp\htdocs\Tematik\online_attendance_system\system\CodeIgniter.php(918): App\Controllers\ProfileController->index()
#5 C:\xampp\htdocs\Tematik\online_attendance_system\system\CodeIgniter.php(404): CodeIgniter\CodeIgniter->runController(Object(App\Controllers\ProfileController))
#6 C:\xampp\htdocs\Tematik\online_attendance_system\system\CodeIgniter.php(312): CodeIgniter\CodeIgniter->handleRequest(NULL, Object(Config\Cache), false)
#7 C:\xampp\htdocs\Tematik\online_attendance_system\public\index.php(45): CodeIgniter\CodeIgniter->run()
#8 C:\xampp\htdocs\Tematik\online_attendance_system\vendor\codeigniter4\framework\system\Commands\Server\rewrite.php(34): require_once('C:\\xampp\\htdocs...')
#9 {main}
CRITICAL - 2020-09-18 09:28:53 --> syntax error, unexpected ';'
#0 C:\xampp\htdocs\Tematik\online_attendance_system\system\Common.php(1119): CodeIgniter\View\View->render('pages/Profile', Array, true)
#1 C:\xampp\htdocs\Tematik\online_attendance_system\app\Controllers\ProfileController.php(15): view('pages/Profile', Array)
#2 C:\xampp\htdocs\Tematik\online_attendance_system\system\CodeIgniter.php(918): App\Controllers\ProfileController->index()
#3 C:\xampp\htdocs\Tematik\online_attendance_system\system\CodeIgniter.php(404): CodeIgniter\CodeIgniter->runController(Object(App\Controllers\ProfileController))
#4 C:\xampp\htdocs\Tematik\online_attendance_system\system\CodeIgniter.php(312): CodeIgniter\CodeIgniter->handleRequest(NULL, Object(Config\Cache), false)
#5 C:\xampp\htdocs\Tematik\online_attendance_system\public\index.php(45): CodeIgniter\CodeIgniter->run()
#6 C:\xampp\htdocs\Tematik\online_attendance_system\vendor\codeigniter4\framework\system\Commands\Server\rewrite.php(34): require_once('C:\\xampp\\htdocs...')
#7 {main}
CRITICAL - 2020-09-18 09:29:00 --> Illegal string offset 'employeeEmail'
#0 C:\xampp\htdocs\Tematik\online_attendance_system\app\Views\pages\Profile.php(6): CodeIgniter\Debug\Exceptions->errorHandler(2, 'Illegal string ...', 'C:\\xampp\\htdocs...', 6, Array)
#1 C:\xampp\htdocs\Tematik\online_attendance_system\system\View\View.php(246): include('C:\\xampp\\htdocs...')
#2 C:\xampp\htdocs\Tematik\online_attendance_system\system\Common.php(1119): CodeIgniter\View\View->render('pages/Profile', Array, true)
#3 C:\xampp\htdocs\Tematik\online_attendance_system\app\Controllers\ProfileController.php(15): view('pages/Profile', Array)
#4 C:\xampp\htdocs\Tematik\online_attendance_system\system\CodeIgniter.php(918): App\Controllers\ProfileController->index()
#5 C:\xampp\htdocs\Tematik\online_attendance_system\system\CodeIgniter.php(404): CodeIgniter\CodeIgniter->runController(Object(App\Controllers\ProfileController))
#6 C:\xampp\htdocs\Tematik\online_attendance_system\system\CodeIgniter.php(312): CodeIgniter\CodeIgniter->handleRequest(NULL, Object(Config\Cache), false)
#7 C:\xampp\htdocs\Tematik\online_attendance_system\public\index.php(45): CodeIgniter\CodeIgniter->run()
#8 C:\xampp\htdocs\Tematik\online_attendance_system\vendor\codeigniter4\framework\system\Commands\Server\rewrite.php(34): require_once('C:\\xampp\\htdocs...')
#9 {main}
CRITICAL - 2020-09-18 09:32:54 --> Trying to get property 'emailEmployee' of non-object
#0 C:\xampp\htdocs\Tematik\online_attendance_system\app\Views\pages\Profile.php(7): CodeIgniter\Debug\Exceptions->errorHandler(8, 'Trying to get p...', 'C:\\xampp\\htdocs...', 7, Array)
#1 C:\xampp\htdocs\Tematik\online_attendance_system\system\View\View.php(246): include('C:\\xampp\\htdocs...')
#2 C:\xampp\htdocs\Tematik\online_attendance_system\system\Common.php(1119): CodeIgniter\View\View->render('pages/Profile', Array, true)
#3 C:\xampp\htdocs\Tematik\online_attendance_system\app\Controllers\ProfileController.php(15): view('pages/Profile', Array)
#4 C:\xampp\htdocs\Tematik\online_attendance_system\system\CodeIgniter.php(918): App\Controllers\ProfileController->index()
#5 C:\xampp\htdocs\Tematik\online_attendance_system\system\CodeIgniter.php(404): CodeIgniter\CodeIgniter->runController(Object(App\Controllers\ProfileController))
#6 C:\xampp\htdocs\Tematik\online_attendance_system\system\CodeIgniter.php(312): CodeIgniter\CodeIgniter->handleRequest(NULL, Object(Config\Cache), false)
#7 C:\xampp\htdocs\Tematik\online_attendance_system\public\index.php(45): CodeIgniter\CodeIgniter->run()
#8 C:\xampp\htdocs\Tematik\online_attendance_system\vendor\codeigniter4\framework\system\Commands\Server\rewrite.php(34): require_once('C:\\xampp\\htdocs...')
#9 {main}
CRITICAL - 2020-09-18 09:37:32 --> Illegal string offset 'emailEmployee'
#0 C:\xampp\htdocs\Tematik\online_attendance_system\app\Views\pages\Profile.php(6): CodeIgniter\Debug\Exceptions->errorHandler(2, 'Illegal string ...', 'C:\\xampp\\htdocs...', 6, Array)
#1 C:\xampp\htdocs\Tematik\online_attendance_system\system\View\View.php(246): include('C:\\xampp\\htdocs...')
#2 C:\xampp\htdocs\Tematik\online_attendance_system\system\Common.php(1119): CodeIgniter\View\View->render('pages/Profile', Array, true)
#3 C:\xampp\htdocs\Tematik\online_attendance_system\app\Controllers\ProfileController.php(15): view('pages/Profile', Array)
#4 C:\xampp\htdocs\Tematik\online_attendance_system\system\CodeIgniter.php(918): App\Controllers\ProfileController->index()
#5 C:\xampp\htdocs\Tematik\online_attendance_system\system\CodeIgniter.php(404): CodeIgniter\CodeIgniter->runController(Object(App\Controllers\ProfileController))
#6 C:\xampp\htdocs\Tematik\online_attendance_system\system\CodeIgniter.php(312): CodeIgniter\CodeIgniter->handleRequest(NULL, Object(Config\Cache), false)
#7 C:\xampp\htdocs\Tematik\online_attendance_system\public\index.php(45): CodeIgniter\CodeIgniter->run()
#8 C:\xampp\htdocs\Tematik\online_attendance_system\vendor\codeigniter4\framework\system\Commands\Server\rewrite.php(34): require_once('C:\\xampp\\htdocs...')
#9 {main}
CRITICAL - 2020-09-18 09:40:00 --> Undefined index: emailEmployee
#0 C:\xampp\htdocs\Tematik\online_attendance_system\app\Views\pages\Profile.php(6): CodeIgniter\Debug\Exceptions->errorHandler(8, 'Undefined index...', 'C:\\xampp\\htdocs...', 6, Array)
#1 C:\xampp\htdocs\Tematik\online_attendance_system\system\View\View.php(246): include('C:\\xampp\\htdocs...')
#2 C:\xampp\htdocs\Tematik\online_attendance_system\system\Common.php(1119): CodeIgniter\View\View->render('pages/Profile', Array, true)
#3 C:\xampp\htdocs\Tematik\online_attendance_system\app\Controllers\ProfileController.php(15): view('pages/Profile', Array)
#4 C:\xampp\htdocs\Tematik\online_attendance_system\system\CodeIgniter.php(918): App\Controllers\ProfileController->index()
#5 C:\xampp\htdocs\Tematik\online_attendance_system\system\CodeIgniter.php(404): CodeIgniter\CodeIgniter->runController(Object(App\Controllers\ProfileController))
#6 C:\xampp\htdocs\Tematik\online_attendance_system\system\CodeIgniter.php(312): CodeIgniter\CodeIgniter->handleRequest(NULL, Object(Config\Cache), false)
#7 C:\xampp\htdocs\Tematik\online_attendance_system\public\index.php(45): CodeIgniter\CodeIgniter->run()
#8 C:\xampp\htdocs\Tematik\online_attendance_system\vendor\codeigniter4\framework\system\Commands\Server\rewrite.php(34): require_once('C:\\xampp\\htdocs...')
#9 {main}
CRITICAL - 2020-09-18 09:48:57 --> Call to a member function first() on array
#0 C:\xampp\htdocs\Tematik\online_attendance_system\app\Models\EmployeeModel.php(20): App\Models\DivisionModel->getSelectedDivisionName('1')
#1 C:\xampp\htdocs\Tematik\online_attendance_system\app\Controllers\ProfileController.php(13): App\Models\EmployeeModel->getSelectedEmployee('steven.wijaya2@...')
#2 C:\xampp\htdocs\Tematik\online_attendance_system\system\CodeIgniter.php(918): App\Controllers\ProfileController->index()
#3 C:\xampp\htdocs\Tematik\online_attendance_system\system\CodeIgniter.php(404): CodeIgniter\CodeIgniter->runController(Object(App\Controllers\ProfileController))
#4 C:\xampp\htdocs\Tematik\online_attendance_system\system\CodeIgniter.php(312): CodeIgniter\CodeIgniter->handleRequest(NULL, Object(Config\Cache), false)
#5 C:\xampp\htdocs\Tematik\online_attendance_system\public\index.php(45): CodeIgniter\CodeIgniter->run()
#6 C:\xampp\htdocs\Tematik\online_attendance_system\vendor\codeigniter4\framework\system\Commands\Server\rewrite.php(34): require_once('C:\\xampp\\htdocs...')
#7 {main}
CRITICAL - 2020-09-18 09:49:54 --> Undefined index: divisionId
#0 C:\xampp\htdocs\Tematik\online_attendance_system\app\Views\pages\Profile.php(13): CodeIgniter\Debug\Exceptions->errorHandler(8, 'Undefined index...', 'C:\\xampp\\htdocs...', 13, Array)
#1 C:\xampp\htdocs\Tematik\online_attendance_system\system\View\View.php(246): include('C:\\xampp\\htdocs...')
#2 C:\xampp\htdocs\Tematik\online_attendance_system\system\Common.php(1119): CodeIgniter\View\View->render('pages/Profile', Array, true)
#3 C:\xampp\htdocs\Tematik\online_attendance_system\app\Controllers\ProfileController.php(15): view('pages/Profile', Array)
#4 C:\xampp\htdocs\Tematik\online_attendance_system\system\CodeIgniter.php(918): App\Controllers\ProfileController->index()
#5 C:\xampp\htdocs\Tematik\online_attendance_system\system\CodeIgniter.php(404): CodeIgniter\CodeIgniter->runController(Object(App\Controllers\ProfileController))
#6 C:\xampp\htdocs\Tematik\online_attendance_system\system\CodeIgniter.php(312): CodeIgniter\CodeIgniter->handleRequest(NULL, Object(Config\Cache), false)
#7 C:\xampp\htdocs\Tematik\online_attendance_system\public\index.php(45): CodeIgniter\CodeIgniter->run()
#8 C:\xampp\htdocs\Tematik\online_attendance_system\vendor\codeigniter4\framework\system\Commands\Server\rewrite.php(34): require_once('C:\\xampp\\htdocs...')
#9 {main}
CRITICAL - 2020-09-18 09:58:40 --> Call to undefined method App\Controllers\ProfileController::checkLoginSession()
#0 C:\xampp\htdocs\Tematik\online_attendance_system\system\CodeIgniter.php(918): App\Controllers\ProfileController->index()
#1 C:\xampp\htdocs\Tematik\online_attendance_system\system\CodeIgniter.php(404): CodeIgniter\CodeIgniter->runController(Object(App\Controllers\ProfileController))
#2 C:\xampp\htdocs\Tematik\online_attendance_system\system\CodeIgniter.php(312): CodeIgniter\CodeIgniter->handleRequest(NULL, Object(Config\Cache), false)
#3 C:\xampp\htdocs\Tematik\online_attendance_system\public\index.php(45): CodeIgniter\CodeIgniter->run()
#4 C:\xampp\htdocs\Tematik\online_attendance_system\vendor\codeigniter4\framework\system\Commands\Server\rewrite.php(34): require_once('C:\\xampp\\htdocs...')
#5 {main}
CRITICAL - 2020-09-18 09:59:55 --> Call to undefined method App\Controllers\ProfileController::checkLoginSession()
#0 C:\xampp\htdocs\Tematik\online_attendance_system\system\CodeIgniter.php(918): App\Controllers\ProfileController->index()
#1 C:\xampp\htdocs\Tematik\online_attendance_system\system\CodeIgniter.php(404): CodeIgniter\CodeIgniter->runController(Object(App\Controllers\ProfileController))
#2 C:\xampp\htdocs\Tematik\online_attendance_system\system\CodeIgniter.php(312): CodeIgniter\CodeIgniter->handleRequest(NULL, Object(Config\Cache), false)
#3 C:\xampp\htdocs\Tematik\online_attendance_system\public\index.php(45): CodeIgniter\CodeIgniter->run()
#4 C:\xampp\htdocs\Tematik\online_attendance_system\vendor\codeigniter4\framework\system\Commands\Server\rewrite.php(34): require_once('C:\\xampp\\htdocs...')
#5 {main}
CRITICAL - 2020-09-18 10:00:10 --> Undefined index: division_id
#0 C:\xampp\htdocs\Tematik\online_attendance_system\app\Models\EmployeeModel.php(20): CodeIgniter\Debug\Exceptions->errorHandler(8, 'Undefined index...', 'C:\\xampp\\htdocs...', 20, Array)
#1 C:\xampp\htdocs\Tematik\online_attendance_system\app\Controllers\ProfileController.php(15): App\Models\EmployeeModel->getSelectedEmployee(NULL)
#2 C:\xampp\htdocs\Tematik\online_attendance_system\system\CodeIgniter.php(918): App\Controllers\ProfileController->index()
#3 C:\xampp\htdocs\Tematik\online_attendance_system\system\CodeIgniter.php(404): CodeIgniter\CodeIgniter->runController(Object(App\Controllers\ProfileController))
#4 C:\xampp\htdocs\Tematik\online_attendance_system\system\CodeIgniter.php(312): CodeIgniter\CodeIgniter->handleRequest(NULL, Object(Config\Cache), false)
#5 C:\xampp\htdocs\Tematik\online_attendance_system\public\index.php(45): CodeIgniter\CodeIgniter->run()
#6 C:\xampp\htdocs\Tematik\online_attendance_system\vendor\codeigniter4\framework\system\Commands\Server\rewrite.php(34): require_once('C:\\xampp\\htdocs...')
#7 {main}
CRITICAL - 2020-09-18 10:00:35 --> Undefined index: division_id
#0 C:\xampp\htdocs\Tematik\online_attendance_system\app\Models\EmployeeModel.php(20): CodeIgniter\Debug\Exceptions->errorHandler(8, 'Undefined index...', 'C:\\xampp\\htdocs...', 20, Array)
#1 C:\xampp\htdocs\Tematik\online_attendance_system\app\Controllers\ProfileController.php(14): App\Models\EmployeeModel->getSelectedEmployee(NULL)
#2 C:\xampp\htdocs\Tematik\online_attendance_system\system\CodeIgniter.php(918): App\Controllers\ProfileController->index()
#3 C:\xampp\htdocs\Tematik\online_attendance_system\system\CodeIgniter.php(404): CodeIgniter\CodeIgniter->runController(Object(App\Controllers\ProfileController))
#4 C:\xampp\htdocs\Tematik\online_attendance_system\system\CodeIgniter.php(312): CodeIgniter\CodeIgniter->handleRequest(NULL, Object(Config\Cache), false)
#5 C:\xampp\htdocs\Tematik\online_attendance_system\public\index.php(45): CodeIgniter\CodeIgniter->run()
#6 C:\xampp\htdocs\Tematik\online_attendance_system\vendor\codeigniter4\framework\system\Commands\Server\rewrite.php(34): require_once('C:\\xampp\\htdocs...')
#7 {main}
CRITICAL - 2020-09-18 10:00:38 --> Undefined index: division_id
#0 C:\xampp\htdocs\Tematik\online_attendance_system\app\Models\EmployeeModel.php(20): CodeIgniter\Debug\Exceptions->errorHandler(8, 'Undefined index...', 'C:\\xampp\\htdocs...', 20, Array)
#1 C:\xampp\htdocs\Tematik\online_attendance_system\app\Controllers\ProfileController.php(14): App\Models\EmployeeModel->getSelectedEmployee(NULL)
#2 C:\xampp\htdocs\Tematik\online_attendance_system\system\CodeIgniter.php(918): App\Controllers\ProfileController->index()
#3 C:\xampp\htdocs\Tematik\online_attendance_system\system\CodeIgniter.php(404): CodeIgniter\CodeIgniter->runController(Object(App\Controllers\ProfileController))
#4 C:\xampp\htdocs\Tematik\online_attendance_system\system\CodeIgniter.php(312): CodeIgniter\CodeIgniter->handleRequest(NULL, Object(Config\Cache), false)
#5 C:\xampp\htdocs\Tematik\online_attendance_system\public\index.php(45): CodeIgniter\CodeIgniter->run()
#6 C:\xampp\htdocs\Tematik\online_attendance_system\vendor\codeigniter4\framework\system\Commands\Server\rewrite.php(34): require_once('C:\\xampp\\htdocs...')
#7 {main}
CRITICAL - 2020-09-18 10:00:50 --> Undefined index: division_id
#0 C:\xampp\htdocs\Tematik\online_attendance_system\app\Models\EmployeeModel.php(20): CodeIgniter\Debug\Exceptions->errorHandler(8, 'Undefined index...', 'C:\\xampp\\htdocs...', 20, Array)
#1 C:\xampp\htdocs\Tematik\online_attendance_system\app\Controllers\ProfileController.php(14): App\Models\EmployeeModel->getSelectedEmployee(NULL)
#2 C:\xampp\htdocs\Tematik\online_attendance_system\system\CodeIgniter.php(918): App\Controllers\ProfileController->index()
#3 C:\xampp\htdocs\Tematik\online_attendance_system\system\CodeIgniter.php(404): CodeIgniter\CodeIgniter->runController(Object(App\Controllers\ProfileController))
#4 C:\xampp\htdocs\Tematik\online_attendance_system\system\CodeIgniter.php(312): CodeIgniter\CodeIgniter->handleRequest(NULL, Object(Config\Cache), false)
#5 C:\xampp\htdocs\Tematik\online_attendance_system\public\index.php(45): CodeIgniter\CodeIgniter->run()
#6 C:\xampp\htdocs\Tematik\online_attendance_system\vendor\codeigniter4\framework\system\Commands\Server\rewrite.php(34): require_once('C:\\xampp\\htdocs...')
#7 {main}
CRITICAL - 2020-09-18 10:00:52 --> Undefined index: division_id
#0 C:\xampp\htdocs\Tematik\online_attendance_system\app\Models\EmployeeModel.php(20): CodeIgniter\Debug\Exceptions->errorHandler(8, 'Undefined index...', 'C:\\xampp\\htdocs...', 20, Array)
#1 C:\xampp\htdocs\Tematik\online_attendance_system\app\Controllers\ProfileController.php(14): App\Models\EmployeeModel->getSelectedEmployee(NULL)
#2 C:\xampp\htdocs\Tematik\online_attendance_system\system\CodeIgniter.php(918): App\Controllers\ProfileController->index()
#3 C:\xampp\htdocs\Tematik\online_attendance_system\system\CodeIgniter.php(404): CodeIgniter\CodeIgniter->runController(Object(App\Controllers\ProfileController))
#4 C:\xampp\htdocs\Tematik\online_attendance_system\system\CodeIgniter.php(312): CodeIgniter\CodeIgniter->handleRequest(NULL, Object(Config\Cache), false)
#5 C:\xampp\htdocs\Tematik\online_attendance_system\public\index.php(45): CodeIgniter\CodeIgniter->run()
#6 C:\xampp\htdocs\Tematik\online_attendance_system\vendor\codeigniter4\framework\system\Commands\Server\rewrite.php(34): require_once('C:\\xampp\\htdocs...')
#7 {main}
CRITICAL - 2020-09-18 10:01:07 --> Undefined index: division_id
#0 C:\xampp\htdocs\Tematik\online_attendance_system\app\Models\EmployeeModel.php(20): CodeIgniter\Debug\Exceptions->errorHandler(8, 'Undefined index...', 'C:\\xampp\\htdocs...', 20, Array)
#1 C:\xampp\htdocs\Tematik\online_attendance_system\app\Controllers\ProfileController.php(14): App\Models\EmployeeModel->getSelectedEmployee(NULL)
#2 C:\xampp\htdocs\Tematik\online_attendance_system\system\CodeIgniter.php(918): App\Controllers\ProfileController->index()
#3 C:\xampp\htdocs\Tematik\online_attendance_system\system\CodeIgniter.php(404): CodeIgniter\CodeIgniter->runController(Object(App\Controllers\ProfileController))
#4 C:\xampp\htdocs\Tematik\online_attendance_system\system\CodeIgniter.php(312): CodeIgniter\CodeIgniter->handleRequest(NULL, Object(Config\Cache), false)
#5 C:\xampp\htdocs\Tematik\online_attendance_system\public\index.php(45): CodeIgniter\CodeIgniter->run()
#6 C:\xampp\htdocs\Tematik\online_attendance_system\vendor\codeigniter4\framework\system\Commands\Server\rewrite.php(34): require_once('C:\\xampp\\htdocs...')
#7 {main}
CRITICAL - 2020-09-18 10:01:12 --> Undefined index: division_id
#0 C:\xampp\htdocs\Tematik\online_attendance_system\app\Models\EmployeeModel.php(20): CodeIgniter\Debug\Exceptions->errorHandler(8, 'Undefined index...', 'C:\\xampp\\htdocs...', 20, Array)
#1 C:\xampp\htdocs\Tematik\online_attendance_system\app\Controllers\ProfileController.php(14): App\Models\EmployeeModel->getSelectedEmployee(NULL)
#2 C:\xampp\htdocs\Tematik\online_attendance_system\system\CodeIgniter.php(918): App\Controllers\ProfileController->index()
#3 C:\xampp\htdocs\Tematik\online_attendance_system\system\CodeIgniter.php(404): CodeIgniter\CodeIgniter->runController(Object(App\Controllers\ProfileController))
#4 C:\xampp\htdocs\Tematik\online_attendance_system\system\CodeIgniter.php(312): CodeIgniter\CodeIgniter->handleRequest(NULL, Object(Config\Cache), false)
#5 C:\xampp\htdocs\Tematik\online_attendance_system\public\index.php(45): CodeIgniter\CodeIgniter->run()
#6 C:\xampp\htdocs\Tematik\online_attendance_system\vendor\codeigniter4\framework\system\Commands\Server\rewrite.php(34): require_once('C:\\xampp\\htdocs...')
#7 {main}
CRITICAL - 2020-09-18 10:01:36 --> Undefined index: division_id
#0 C:\xampp\htdocs\Tematik\online_attendance_system\app\Models\EmployeeModel.php(20): CodeIgniter\Debug\Exceptions->errorHandler(8, 'Undefined index...', 'C:\\xampp\\htdocs...', 20, Array)
#1 C:\xampp\htdocs\Tematik\online_attendance_system\app\Controllers\ProfileController.php(15): App\Models\EmployeeModel->getSelectedEmployee(NULL)
#2 C:\xampp\htdocs\Tematik\online_attendance_system\system\CodeIgniter.php(918): App\Controllers\ProfileController->index()
#3 C:\xampp\htdocs\Tematik\online_attendance_system\system\CodeIgniter.php(404): CodeIgniter\CodeIgniter->runController(Object(App\Controllers\ProfileController))
#4 C:\xampp\htdocs\Tematik\online_attendance_system\system\CodeIgniter.php(312): CodeIgniter\CodeIgniter->handleRequest(NULL, Object(Config\Cache), false)
#5 C:\xampp\htdocs\Tematik\online_attendance_system\public\index.php(45): CodeIgniter\CodeIgniter->run()
#6 C:\xampp\htdocs\Tematik\online_attendance_system\vendor\codeigniter4\framework\system\Commands\Server\rewrite.php(34): require_once('C:\\xampp\\htdocs...')
#7 {main}
CRITICAL - 2020-09-18 10:02:58 --> Undefined property: App\Controllers\ProfileController::$user
#0 C:\xampp\htdocs\Tematik\online_attendance_system\app\Controllers\ProfileController.php(11): CodeIgniter\Debug\Exceptions->errorHandler(8, 'Undefined prope...', 'C:\\xampp\\htdocs...', 11, Array)
#1 C:\xampp\htdocs\Tematik\online_attendance_system\system\CodeIgniter.php(918): App\Controllers\ProfileController->index()
#2 C:\xampp\htdocs\Tematik\online_attendance_system\system\CodeIgniter.php(404): CodeIgniter\CodeIgniter->runController(Object(App\Controllers\ProfileController))
#3 C:\xampp\htdocs\Tematik\online_attendance_system\system\CodeIgniter.php(312): CodeIgniter\CodeIgniter->handleRequest(NULL, Object(Config\Cache), false)
#4 C:\xampp\htdocs\Tematik\online_attendance_system\public\index.php(45): CodeIgniter\CodeIgniter->run()
#5 C:\xampp\htdocs\Tematik\online_attendance_system\vendor\codeigniter4\framework\system\Commands\Server\rewrite.php(34): require_once('C:\\xampp\\htdocs...')
#6 {main}
CRITICAL - 2020-09-18 10:03:01 --> Undefined property: App\Controllers\ProfileController::$user
#0 C:\xampp\htdocs\Tematik\online_attendance_system\app\Controllers\ProfileController.php(11): CodeIgniter\Debug\Exceptions->errorHandler(8, 'Undefined prope...', 'C:\\xampp\\htdocs...', 11, Array)
#1 C:\xampp\htdocs\Tematik\online_attendance_system\system\CodeIgniter.php(918): App\Controllers\ProfileController->index()
#2 C:\xampp\htdocs\Tematik\online_attendance_system\system\CodeIgniter.php(404): CodeIgniter\CodeIgniter->runController(Object(App\Controllers\ProfileController))
#3 C:\xampp\htdocs\Tematik\online_attendance_system\system\CodeIgniter.php(312): CodeIgniter\CodeIgniter->handleRequest(NULL, Object(Config\Cache), false)
#4 C:\xampp\htdocs\Tematik\online_attendance_system\public\index.php(45): CodeIgniter\CodeIgniter->run()
#5 C:\xampp\htdocs\Tematik\online_attendance_system\vendor\codeigniter4\framework\system\Commands\Server\rewrite.php(34): require_once('C:\\xampp\\htdocs...')
#6 {main}
CRITICAL - 2020-09-18 10:04:30 --> Undefined property: App\Controllers\ProfileController::$user
#0 C:\xampp\htdocs\Tematik\online_attendance_system\app\Controllers\ProfileController.php(11): CodeIgniter\Debug\Exceptions->errorHandler(8, 'Undefined prope...', 'C:\\xampp\\htdocs...', 11, Array)
#1 C:\xampp\htdocs\Tematik\online_attendance_system\system\CodeIgniter.php(918): App\Controllers\ProfileController->index()
#2 C:\xampp\htdocs\Tematik\online_attendance_system\system\CodeIgniter.php(404): CodeIgniter\CodeIgniter->runController(Object(App\Controllers\ProfileController))
#3 C:\xampp\htdocs\Tematik\online_attendance_system\system\CodeIgniter.php(312): CodeIgniter\CodeIgniter->handleRequest(NULL, Object(Config\Cache), false)
#4 C:\xampp\htdocs\Tematik\online_attendance_system\public\index.php(45): CodeIgniter\CodeIgniter->run()
#5 C:\xampp\htdocs\Tematik\online_attendance_system\vendor\codeigniter4\framework\system\Commands\Server\rewrite.php(34): require_once('C:\\xampp\\htdocs...')
#6 {main}
CRITICAL - 2020-09-18 10:04:44 --> Undefined index: division_id
#0 C:\xampp\htdocs\Tematik\online_attendance_system\app\Models\EmployeeModel.php(20): CodeIgniter\Debug\Exceptions->errorHandler(8, 'Undefined index...', 'C:\\xampp\\htdocs...', 20, Array)
#1 C:\xampp\htdocs\Tematik\online_attendance_system\app\Controllers\ProfileController.php(15): App\Models\EmployeeModel->getSelectedEmployee(NULL)
#2 C:\xampp\htdocs\Tematik\online_attendance_system\system\CodeIgniter.php(918): App\Controllers\ProfileController->index()
#3 C:\xampp\htdocs\Tematik\online_attendance_system\system\CodeIgniter.php(404): CodeIgniter\CodeIgniter->runController(Object(App\Controllers\ProfileController))
#4 C:\xampp\htdocs\Tematik\online_attendance_system\system\CodeIgniter.php(312): CodeIgniter\CodeIgniter->handleRequest(NULL, Object(Config\Cache), false)
#5 C:\xampp\htdocs\Tematik\online_attendance_system\public\index.php(45): CodeIgniter\CodeIgniter->run()
#6 C:\xampp\htdocs\Tematik\online_attendance_system\vendor\codeigniter4\framework\system\Commands\Server\rewrite.php(34): require_once('C:\\xampp\\htdocs...')
#7 {main}
CRITICAL - 2020-09-18 10:05:04 --> Undefined index: division_id
#0 C:\xampp\htdocs\Tematik\online_attendance_system\app\Models\EmployeeModel.php(20): CodeIgniter\Debug\Exceptions->errorHandler(8, 'Undefined index...', 'C:\\xampp\\htdocs...', 20, Array)
#1 C:\xampp\htdocs\Tematik\online_attendance_system\app\Controllers\ProfileController.php(15): App\Models\EmployeeModel->getSelectedEmployee(NULL)
#2 C:\xampp\htdocs\Tematik\online_attendance_system\system\CodeIgniter.php(918): App\Controllers\ProfileController->index()
#3 C:\xampp\htdocs\Tematik\online_attendance_system\system\CodeIgniter.php(404): CodeIgniter\CodeIgniter->runController(Object(App\Controllers\ProfileController))
#4 C:\xampp\htdocs\Tematik\online_attendance_system\system\CodeIgniter.php(312): CodeIgniter\CodeIgniter->handleRequest(NULL, Object(Config\Cache), false)
#5 C:\xampp\htdocs\Tematik\online_attendance_system\public\index.php(45): CodeIgniter\CodeIgniter->run()
#6 C:\xampp\htdocs\Tematik\online_attendance_system\vendor\codeigniter4\framework\system\Commands\Server\rewrite.php(34): require_once('C:\\xampp\\htdocs...')
#7 {main}
CRITICAL - 2020-09-18 10:05:07 --> Undefined index: division_id
#0 C:\xampp\htdocs\Tematik\online_attendance_system\app\Models\EmployeeModel.php(20): CodeIgniter\Debug\Exceptions->errorHandler(8, 'Undefined index...', 'C:\\xampp\\htdocs...', 20, Array)
#1 C:\xampp\htdocs\Tematik\online_attendance_system\app\Controllers\ProfileController.php(15): App\Models\EmployeeModel->getSelectedEmployee(NULL)
#2 C:\xampp\htdocs\Tematik\online_attendance_system\system\CodeIgniter.php(918): App\Controllers\ProfileController->index()
#3 C:\xampp\htdocs\Tematik\online_attendance_system\system\CodeIgniter.php(404): CodeIgniter\CodeIgniter->runController(Object(App\Controllers\ProfileController))
#4 C:\xampp\htdocs\Tematik\online_attendance_system\system\CodeIgniter.php(312): CodeIgniter\CodeIgniter->handleRequest(NULL, Object(Config\Cache), false)
#5 C:\xampp\htdocs\Tematik\online_attendance_system\public\index.php(45): CodeIgniter\CodeIgniter->run()
#6 C:\xampp\htdocs\Tematik\online_attendance_system\vendor\codeigniter4\framework\system\Commands\Server\rewrite.php(34): require_once('C:\\xampp\\htdocs...')
#7 {main}
CRITICAL - 2020-09-18 10:05:20 --> Undefined index: division_id
#0 C:\xampp\htdocs\Tematik\online_attendance_system\app\Models\EmployeeModel.php(20): CodeIgniter\Debug\Exceptions->errorHandler(8, 'Undefined index...', 'C:\\xampp\\htdocs...', 20, Array)
#1 C:\xampp\htdocs\Tematik\online_attendance_system\app\Controllers\ProfileController.php(15): App\Models\EmployeeModel->getSelectedEmployee(NULL)
#2 C:\xampp\htdocs\Tematik\online_attendance_system\system\CodeIgniter.php(918): App\Controllers\ProfileController->index()
#3 C:\xampp\htdocs\Tematik\online_attendance_system\system\CodeIgniter.php(404): CodeIgniter\CodeIgniter->runController(Object(App\Controllers\ProfileController))
#4 C:\xampp\htdocs\Tematik\online_attendance_system\system\CodeIgniter.php(312): CodeIgniter\CodeIgniter->handleRequest(NULL, Object(Config\Cache), false)
#5 C:\xampp\htdocs\Tematik\online_attendance_system\public\index.php(45): CodeIgniter\CodeIgniter->run()
#6 C:\xampp\htdocs\Tematik\online_attendance_system\vendor\codeigniter4\framework\system\Commands\Server\rewrite.php(34): require_once('C:\\xampp\\htdocs...')
#7 {main}
CRITICAL - 2020-09-18 10:05:22 --> Undefined index: division_id
#0 C:\xampp\htdocs\Tematik\online_attendance_system\app\Models\EmployeeModel.php(20): CodeIgniter\Debug\Exceptions->errorHandler(8, 'Undefined index...', 'C:\\xampp\\htdocs...', 20, Array)
#1 C:\xampp\htdocs\Tematik\online_attendance_system\app\Controllers\ProfileController.php(15): App\Models\EmployeeModel->getSelectedEmployee(NULL)
#2 C:\xampp\htdocs\Tematik\online_attendance_system\system\CodeIgniter.php(918): App\Controllers\ProfileController->index()
#3 C:\xampp\htdocs\Tematik\online_attendance_system\system\CodeIgniter.php(404): CodeIgniter\CodeIgniter->runController(Object(App\Controllers\ProfileController))
#4 C:\xampp\htdocs\Tematik\online_attendance_system\system\CodeIgniter.php(312): CodeIgniter\CodeIgniter->handleRequest(NULL, Object(Config\Cache), false)
#5 C:\xampp\htdocs\Tematik\online_attendance_system\public\index.php(45): CodeIgniter\CodeIgniter->run()
#6 C:\xampp\htdocs\Tematik\online_attendance_system\vendor\codeigniter4\framework\system\Commands\Server\rewrite.php(34): require_once('C:\\xampp\\htdocs...')
#7 {main}
CRITICAL - 2020-09-18 10:38:13 --> Class 'App\Controllers\RuntimeException' not found
#0 C:\xampp\htdocs\Tematik\online_attendance_system\system\CodeIgniter.php(918): App\Controllers\ProfileController->changeProfilePicture()
#1 C:\xampp\htdocs\Tematik\online_attendance_system\system\CodeIgniter.php(404): CodeIgniter\CodeIgniter->runController(Object(App\Controllers\ProfileController))
#2 C:\xampp\htdocs\Tematik\online_attendance_system\system\CodeIgniter.php(312): CodeIgniter\CodeIgniter->handleRequest(NULL, Object(Config\Cache), false)
#3 C:\xampp\htdocs\Tematik\online_attendance_system\public\index.php(45): CodeIgniter\CodeIgniter->run()
#4 C:\xampp\htdocs\Tematik\online_attendance_system\vendor\codeigniter4\framework\system\Commands\Server\rewrite.php(34): require_once('C:\\xampp\\htdocs...')
#5 {main}
CRITICAL - 2020-09-18 10:38:20 --> Class 'App\Controllers\RuntimeException' not found
#0 C:\xampp\htdocs\Tematik\online_attendance_system\system\CodeIgniter.php(918): App\Controllers\ProfileController->changeProfilePicture()
#1 C:\xampp\htdocs\Tematik\online_attendance_system\system\CodeIgniter.php(404): CodeIgniter\CodeIgniter->runController(Object(App\Controllers\ProfileController))
#2 C:\xampp\htdocs\Tematik\online_attendance_system\system\CodeIgniter.php(312): CodeIgniter\CodeIgniter->handleRequest(NULL, Object(Config\Cache), false)
#3 C:\xampp\htdocs\Tematik\online_attendance_system\public\index.php(45): CodeIgniter\CodeIgniter->run()
#4 C:\xampp\htdocs\Tematik\online_attendance_system\vendor\codeigniter4\framework\system\Commands\Server\rewrite.php(34): require_once('C:\\xampp\\htdocs...')
#5 {main}
CRITICAL - 2020-09-18 10:58:18 --> syntax error, unexpected ')', expecting ']'
#0 C:\xampp\htdocs\Tematik\online_attendance_system\system\Autoloader\Autoloader.php(296): CodeIgniter\Autoloader\Autoloader->requireFile('C:\\xampp\\htdocs...')
#1 C:\xampp\htdocs\Tematik\online_attendance_system\system\Autoloader\Autoloader.php(258): CodeIgniter\Autoloader\Autoloader->loadInNamespace('App\\Controllers...')
#2 [internal function]: CodeIgniter\Autoloader\Autoloader->loadClass('App\\Controllers...')
#3 [internal function]: spl_autoload_call('App\\Controllers...')
#4 C:\xampp\htdocs\Tematik\online_attendance_system\system\CodeIgniter.php(869): class_exists('\\App\\Controller...', true)
#5 C:\xampp\htdocs\Tematik\online_attendance_system\system\CodeIgniter.php(394): CodeIgniter\CodeIgniter->startController()
#6 C:\xampp\htdocs\Tematik\online_attendance_system\system\CodeIgniter.php(312): CodeIgniter\CodeIgniter->handleRequest(NULL, Object(Config\Cache), false)
#7 C:\xampp\htdocs\Tematik\online_attendance_system\public\index.php(45): CodeIgniter\CodeIgniter->run()
#8 C:\xampp\htdocs\Tematik\online_attendance_system\vendor\codeigniter4\framework\system\Commands\Server\rewrite.php(34): require_once('C:\\xampp\\htdocs...')
#9 {main}
