CRITICAL - 2020-09-23 23:30:11 --> Session: Configured save path "/opt/lampp/htdocs/online_attendance_system/writable/session" is not writable by the PHP process.
#0 /opt/lampp/htdocs/online_attendance_system/system/Session/Handlers/FileHandler.php(144): CodeIgniter\Session\Exceptions\SessionException::forWriteProtectedSavePath('/opt/lampp/htdo...')
#1 [internal function]: CodeIgniter\Session\Handlers\FileHandler->open('/opt/lampp/htdo...', 'ci_session')
#2 /opt/lampp/htdocs/online_attendance_system/system/Session/Session.php(1005): session_start()
#3 /opt/lampp/htdocs/online_attendance_system/system/Session/Session.php(240): CodeIgniter\Session\Session->startSession()
#4 /opt/lampp/htdocs/online_attendance_system/system/Config/Services.php(788): CodeIgniter\Session\Session->start()
#5 /opt/lampp/htdocs/online_attendance_system/system/Config/BaseService.php(123): CodeIgniter\Config\Services::session(Object(Config\App), false)
#6 /opt/lampp/htdocs/online_attendance_system/system/Config/Services.php(769): CodeIgniter\Config\BaseService::getSharedInstance('session', NULL)
#7 /opt/lampp/htdocs/online_attendance_system/system/Common.php(926): CodeIgniter\Config\Services::session()
#8 /opt/lampp/htdocs/online_attendance_system/app/Controllers/LoginController.php(45): session()
#9 /opt/lampp/htdocs/online_attendance_system/app/Controllers/LoginController.php(30): App\Controllers\LoginController->createSession('nanda.afifah@st...')
#10 /opt/lampp/htdocs/online_attendance_system/system/CodeIgniter.php(918): App\Controllers\LoginController->checkLoginData()
#11 /opt/lampp/htdocs/online_attendance_system/system/CodeIgniter.php(404): CodeIgniter\CodeIgniter->runController(Object(App\Controllers\LoginController))
#12 /opt/lampp/htdocs/online_attendance_system/system/CodeIgniter.php(312): CodeIgniter\CodeIgniter->handleRequest(NULL, Object(Config\Cache), false)
#13 /opt/lampp/htdocs/online_attendance_system/public/index.php(45): CodeIgniter\CodeIgniter->run()
#14 {main}
CRITICAL - 2020-09-23 23:32:04 --> Session: Configured save path "/opt/lampp/htdocs/online_attendance_system/writable/session" is not writable by the PHP process.
#0 /opt/lampp/htdocs/online_attendance_system/system/Session/Handlers/FileHandler.php(144): CodeIgniter\Session\Exceptions\SessionException::forWriteProtectedSavePath('/opt/lampp/htdo...')
#1 [internal function]: CodeIgniter\Session\Handlers\FileHandler->open('/opt/lampp/htdo...', 'ci_session')
#2 /opt/lampp/htdocs/online_attendance_system/system/Session/Session.php(1005): session_start()
#3 /opt/lampp/htdocs/online_attendance_system/system/Session/Session.php(240): CodeIgniter\Session\Session->startSession()
#4 /opt/lampp/htdocs/online_attendance_system/system/Config/Services.php(788): CodeIgniter\Session\Session->start()
#5 /opt/lampp/htdocs/online_attendance_system/system/Config/BaseService.php(123): CodeIgniter\Config\Services::session(Object(Config\App), false)
#6 /opt/lampp/htdocs/online_attendance_system/system/Config/Services.php(769): CodeIgniter\Config\BaseService::getSharedInstance('session', NULL)
#7 /opt/lampp/htdocs/online_attendance_system/system/Common.php(926): CodeIgniter\Config\Services::session()
#8 /opt/lampp/htdocs/online_attendance_system/app/Controllers/LoginController.php(45): session()
#9 /opt/lampp/htdocs/online_attendance_system/app/Controllers/LoginController.php(30): App\Controllers\LoginController->createSession('nanda.afifah@st...')
#10 /opt/lampp/htdocs/online_attendance_system/system/CodeIgniter.php(918): App\Controllers\LoginController->checkLoginData()
#11 /opt/lampp/htdocs/online_attendance_system/system/CodeIgniter.php(404): CodeIgniter\CodeIgniter->runController(Object(App\Controllers\LoginController))
#12 /opt/lampp/htdocs/online_attendance_system/system/CodeIgniter.php(312): CodeIgniter\CodeIgniter->handleRequest(NULL, Object(Config\Cache), false)
#13 /opt/lampp/htdocs/online_attendance_system/public/index.php(45): CodeIgniter\CodeIgniter->run()
#14 {main}
CRITICAL - 2020-09-23 23:32:34 --> Session: Configured save path "/opt/lampp/htdocs/online_attendance_system/writable/session" is not writable by the PHP process.
#0 /opt/lampp/htdocs/online_attendance_system/system/Session/Handlers/FileHandler.php(144): CodeIgniter\Session\Exceptions\SessionException::forWriteProtectedSavePath('/opt/lampp/htdo...')
#1 [internal function]: CodeIgniter\Session\Handlers\FileHandler->open('/opt/lampp/htdo...', 'ci_session')
#2 /opt/lampp/htdocs/online_attendance_system/system/Session/Session.php(1005): session_start()
#3 /opt/lampp/htdocs/online_attendance_system/system/Session/Session.php(240): CodeIgniter\Session\Session->startSession()
#4 /opt/lampp/htdocs/online_attendance_system/system/Config/Services.php(788): CodeIgniter\Session\Session->start()
#5 /opt/lampp/htdocs/online_attendance_system/system/Config/BaseService.php(123): CodeIgniter\Config\Services::session(Object(Config\App), false)
#6 /opt/lampp/htdocs/online_attendance_system/system/Config/Services.php(769): CodeIgniter\Config\BaseService::getSharedInstance('session', NULL)
#7 /opt/lampp/htdocs/online_attendance_system/system/Common.php(926): CodeIgniter\Config\Services::session()
#8 /opt/lampp/htdocs/online_attendance_system/app/Controllers/LoginController.php(45): session()
#9 /opt/lampp/htdocs/online_attendance_system/app/Controllers/LoginController.php(30): App\Controllers\LoginController->createSession('nanda.afifah@st...')
#10 /opt/lampp/htdocs/online_attendance_system/system/CodeIgniter.php(918): App\Controllers\LoginController->checkLoginData()
#11 /opt/lampp/htdocs/online_attendance_system/system/CodeIgniter.php(404): CodeIgniter\CodeIgniter->runController(Object(App\Controllers\LoginController))
#12 /opt/lampp/htdocs/online_attendance_system/system/CodeIgniter.php(312): CodeIgniter\CodeIgniter->handleRequest(NULL, Object(Config\Cache), false)
#13 /opt/lampp/htdocs/online_attendance_system/public/index.php(45): CodeIgniter\CodeIgniter->run()
#14 {main}
CRITICAL - 2020-09-23 23:35:37 --> Session: Configured save path "/opt/lampp/htdocs/online_attendance_system/writable/session" is not writable by the PHP process.
#0 /opt/lampp/htdocs/online_attendance_system/system/Session/Handlers/FileHandler.php(144): CodeIgniter\Session\Exceptions\SessionException::forWriteProtectedSavePath('/opt/lampp/htdo...')
#1 [internal function]: CodeIgniter\Session\Handlers\FileHandler->open('/opt/lampp/htdo...', 'ci_session')
#2 /opt/lampp/htdocs/online_attendance_system/system/Session/Session.php(1005): session_start()
#3 /opt/lampp/htdocs/online_attendance_system/system/Session/Session.php(240): CodeIgniter\Session\Session->startSession()
#4 /opt/lampp/htdocs/online_attendance_system/system/Config/Services.php(788): CodeIgniter\Session\Session->start()
#5 /opt/lampp/htdocs/online_attendance_system/system/Config/BaseService.php(123): CodeIgniter\Config\Services::session(Object(Config\App), false)
#6 /opt/lampp/htdocs/online_attendance_system/system/Config/Services.php(769): CodeIgniter\Config\BaseService::getSharedInstance('session', NULL)
#7 /opt/lampp/htdocs/online_attendance_system/system/Common.php(926): CodeIgniter\Config\Services::session()
#8 /opt/lampp/htdocs/online_attendance_system/app/Controllers/LoginController.php(45): session()
#9 /opt/lampp/htdocs/online_attendance_system/app/Controllers/LoginController.php(30): App\Controllers\LoginController->createSession('nanda.afifah@st...')
#10 /opt/lampp/htdocs/online_attendance_system/system/CodeIgniter.php(918): App\Controllers\LoginController->checkLoginData()
#11 /opt/lampp/htdocs/online_attendance_system/system/CodeIgniter.php(404): CodeIgniter\CodeIgniter->runController(Object(App\Controllers\LoginController))
#12 /opt/lampp/htdocs/online_attendance_system/system/CodeIgniter.php(312): CodeIgniter\CodeIgniter->handleRequest(NULL, Object(Config\Cache), false)
#13 /opt/lampp/htdocs/online_attendance_system/public/index.php(45): CodeIgniter\CodeIgniter->run()
#14 {main}
CRITICAL - 2020-09-23 23:35:58 --> Session: Configured save path "/opt/lampp/htdocs/online_attendance_system/writable/session" is not writable by the PHP process.
#0 /opt/lampp/htdocs/online_attendance_system/system/Session/Handlers/FileHandler.php(144): CodeIgniter\Session\Exceptions\SessionException::forWriteProtectedSavePath('/opt/lampp/htdo...')
#1 [internal function]: CodeIgniter\Session\Handlers\FileHandler->open('/opt/lampp/htdo...', 'ci_session')
#2 /opt/lampp/htdocs/online_attendance_system/system/Session/Session.php(1005): session_start()
#3 /opt/lampp/htdocs/online_attendance_system/system/Session/Session.php(240): CodeIgniter\Session\Session->startSession()
#4 /opt/lampp/htdocs/online_attendance_system/system/Config/Services.php(788): CodeIgniter\Session\Session->start()
#5 /opt/lampp/htdocs/online_attendance_system/system/Config/BaseService.php(123): CodeIgniter\Config\Services::session(Object(Config\App), false)
#6 /opt/lampp/htdocs/online_attendance_system/system/Config/Services.php(769): CodeIgniter\Config\BaseService::getSharedInstance('session', NULL)
#7 /opt/lampp/htdocs/online_attendance_system/system/Common.php(926): CodeIgniter\Config\Services::session()
#8 /opt/lampp/htdocs/online_attendance_system/app/Controllers/LoginController.php(45): session()
#9 /opt/lampp/htdocs/online_attendance_system/app/Controllers/LoginController.php(30): App\Controllers\LoginController->createSession('nanda.afifah@st...')
#10 /opt/lampp/htdocs/online_attendance_system/system/CodeIgniter.php(918): App\Controllers\LoginController->checkLoginData()
#11 /opt/lampp/htdocs/online_attendance_system/system/CodeIgniter.php(404): CodeIgniter\CodeIgniter->runController(Object(App\Controllers\LoginController))
#12 /opt/lampp/htdocs/online_attendance_system/system/CodeIgniter.php(312): CodeIgniter\CodeIgniter->handleRequest(NULL, Object(Config\Cache), false)
#13 /opt/lampp/htdocs/online_attendance_system/public/index.php(45): CodeIgniter\CodeIgniter->run()
#14 {main}
CRITICAL - 2020-09-23 23:39:55 --> Session: Configured save path "/opt/lampp/htdocs/online_attendance_system/writable/session" is not writable by the PHP process.
#0 /opt/lampp/htdocs/online_attendance_system/system/Session/Handlers/FileHandler.php(144): CodeIgniter\Session\Exceptions\SessionException::forWriteProtectedSavePath('/opt/lampp/htdo...')
#1 [internal function]: CodeIgniter\Session\Handlers\FileHandler->open('/opt/lampp/htdo...', 'ci_session')
#2 /opt/lampp/htdocs/online_attendance_system/system/Session/Session.php(1005): session_start()
#3 /opt/lampp/htdocs/online_attendance_system/system/Session/Session.php(240): CodeIgniter\Session\Session->startSession()
#4 /opt/lampp/htdocs/online_attendance_system/system/Config/Services.php(788): CodeIgniter\Session\Session->start()
#5 /opt/lampp/htdocs/online_attendance_system/system/Config/BaseService.php(123): CodeIgniter\Config\Services::session(Object(Config\App), false)
#6 /opt/lampp/htdocs/online_attendance_system/system/Config/Services.php(769): CodeIgniter\Config\BaseService::getSharedInstance('session', NULL)
#7 /opt/lampp/htdocs/online_attendance_system/system/Common.php(926): CodeIgniter\Config\Services::session()
#8 /opt/lampp/htdocs/online_attendance_system/app/Controllers/LoginController.php(45): session()
#9 /opt/lampp/htdocs/online_attendance_system/app/Controllers/LoginController.php(30): App\Controllers\LoginController->createSession('nanda.afifah@st...')
#10 /opt/lampp/htdocs/online_attendance_system/system/CodeIgniter.php(918): App\Controllers\LoginController->checkLoginData()
#11 /opt/lampp/htdocs/online_attendance_system/system/CodeIgniter.php(404): CodeIgniter\CodeIgniter->runController(Object(App\Controllers\LoginController))
#12 /opt/lampp/htdocs/online_attendance_system/system/CodeIgniter.php(312): CodeIgniter\CodeIgniter->handleRequest(NULL, Object(Config\Cache), false)
#13 /opt/lampp/htdocs/online_attendance_system/public/index.php(45): CodeIgniter\CodeIgniter->run()
#14 {main}
CRITICAL - 2020-09-23 23:40:30 --> Session: Configured save path "/opt/lampp/htdocs/online_attendance_system/writable/session" is not writable by the PHP process.
#0 /opt/lampp/htdocs/online_attendance_system/system/Session/Handlers/FileHandler.php(144): CodeIgniter\Session\Exceptions\SessionException::forWriteProtectedSavePath('/opt/lampp/htdo...')
#1 [internal function]: CodeIgniter\Session\Handlers\FileHandler->open('/opt/lampp/htdo...', 'ci_session')
#2 /opt/lampp/htdocs/online_attendance_system/system/Session/Session.php(1005): session_start()
#3 /opt/lampp/htdocs/online_attendance_system/system/Session/Session.php(240): CodeIgniter\Session\Session->startSession()
#4 /opt/lampp/htdocs/online_attendance_system/system/Config/Services.php(788): CodeIgniter\Session\Session->start()
#5 /opt/lampp/htdocs/online_attendance_system/system/Config/BaseService.php(123): CodeIgniter\Config\Services::session(Object(Config\App), false)
#6 /opt/lampp/htdocs/online_attendance_system/system/Config/Services.php(769): CodeIgniter\Config\BaseService::getSharedInstance('session', NULL)
#7 /opt/lampp/htdocs/online_attendance_system/system/Common.php(926): CodeIgniter\Config\Services::session()
#8 /opt/lampp/htdocs/online_attendance_system/app/Controllers/LoginController.php(45): session()
#9 /opt/lampp/htdocs/online_attendance_system/app/Controllers/LoginController.php(30): App\Controllers\LoginController->createSession('nanda.afifah@st...')
#10 /opt/lampp/htdocs/online_attendance_system/system/CodeIgniter.php(918): App\Controllers\LoginController->checkLoginData()
#11 /opt/lampp/htdocs/online_attendance_system/system/CodeIgniter.php(404): CodeIgniter\CodeIgniter->runController(Object(App\Controllers\LoginController))
#12 /opt/lampp/htdocs/online_attendance_system/system/CodeIgniter.php(312): CodeIgniter\CodeIgniter->handleRequest(NULL, Object(Config\Cache), false)
#13 /opt/lampp/htdocs/online_attendance_system/public/index.php(45): CodeIgniter\CodeIgniter->run()
#14 {main}
