CRITICAL - 2020-09-30 02:28:49 --> fopen(/opt/lampp/htdocs/online_attendance_system/writable/session/ci_sessionfd33f9b40b338132828ec081d600fc3de468084c): failed to open stream: Permission denied
#0 [internal function]: CodeIgniter\Debug\Exceptions->errorHandler(2, 'fopen(/opt/lamp...', '/opt/lampp/htdo...', 174, Array)
#1 /opt/lampp/htdocs/online_attendance_system/system/Session/Handlers/FileHandler.php(174): fopen('/opt/lampp/htdo...', 'c+b')
#2 [internal function]: CodeIgniter\Session\Handlers\FileHandler->read('fd33f9b40b33813...')
#3 /opt/lampp/htdocs/online_attendance_system/system/Session/Session.php(1005): session_start()
#4 /opt/lampp/htdocs/online_attendance_system/system/Session/Session.php(240): CodeIgniter\Session\Session->startSession()
#5 /opt/lampp/htdocs/online_attendance_system/system/Config/Services.php(788): CodeIgniter\Session\Session->start()
#6 /opt/lampp/htdocs/online_attendance_system/system/Config/BaseService.php(123): CodeIgniter\Config\Services::session(Object(Config\App), false)
#7 /opt/lampp/htdocs/online_attendance_system/system/Config/Services.php(769): CodeIgniter\Config\BaseService::getSharedInstance('session', NULL)
#8 /opt/lampp/htdocs/online_attendance_system/system/Common.php(926): CodeIgniter\Config\Services::session()
#9 /opt/lampp/htdocs/online_attendance_system/app/Controllers/ProfileController.php(14): session()
#10 /opt/lampp/htdocs/online_attendance_system/system/CodeIgniter.php(918): App\Controllers\ProfileController->index()
#11 /opt/lampp/htdocs/online_attendance_system/system/CodeIgniter.php(404): CodeIgniter\CodeIgniter->runController(Object(App\Controllers\ProfileController))
#12 /opt/lampp/htdocs/online_attendance_system/system/CodeIgniter.php(312): CodeIgniter\CodeIgniter->handleRequest(NULL, Object(Config\Cache), false)
#13 /opt/lampp/htdocs/online_attendance_system/public/index.php(45): CodeIgniter\CodeIgniter->run()
#14 {main}
CRITICAL - 2020-09-30 02:28:50 --> fopen(/opt/lampp/htdocs/online_attendance_system/writable/session/ci_sessionfd33f9b40b338132828ec081d600fc3de468084c): failed to open stream: Permission denied
#0 [internal function]: CodeIgniter\Debug\Exceptions->errorHandler(2, 'fopen(/opt/lamp...', '/opt/lampp/htdo...', 174, Array)
#1 /opt/lampp/htdocs/online_attendance_system/system/Session/Handlers/FileHandler.php(174): fopen('/opt/lampp/htdo...', 'c+b')
#2 [internal function]: CodeIgniter\Session\Handlers\FileHandler->read('fd33f9b40b33813...')
#3 /opt/lampp/htdocs/online_attendance_system/system/Session/Session.php(1005): session_start()
#4 /opt/lampp/htdocs/online_attendance_system/system/Session/Session.php(240): CodeIgniter\Session\Session->startSession()
#5 /opt/lampp/htdocs/online_attendance_system/system/Config/Services.php(788): CodeIgniter\Session\Session->start()
#6 /opt/lampp/htdocs/online_attendance_system/system/Config/BaseService.php(123): CodeIgniter\Config\Services::session(Object(Config\App), false)
#7 /opt/lampp/htdocs/online_attendance_system/system/Config/Services.php(769): CodeIgniter\Config\BaseService::getSharedInstance('session', NULL)
#8 /opt/lampp/htdocs/online_attendance_system/system/Common.php(926): CodeIgniter\Config\Services::session()
#9 /opt/lampp/htdocs/online_attendance_system/app/Controllers/ProfileController.php(14): session()
#10 /opt/lampp/htdocs/online_attendance_system/system/CodeIgniter.php(918): App\Controllers\ProfileController->index()
#11 /opt/lampp/htdocs/online_attendance_system/system/CodeIgniter.php(404): CodeIgniter\CodeIgniter->runController(Object(App\Controllers\ProfileController))
#12 /opt/lampp/htdocs/online_attendance_system/system/CodeIgniter.php(312): CodeIgniter\CodeIgniter->handleRequest(NULL, Object(Config\Cache), false)
#13 /opt/lampp/htdocs/online_attendance_system/public/index.php(45): CodeIgniter\CodeIgniter->run()
#14 {main}
CRITICAL - 2020-09-30 02:29:11 --> fopen(/opt/lampp/htdocs/online_attendance_system/writable/session/ci_sessionfd33f9b40b338132828ec081d600fc3de468084c): failed to open stream: Permission denied
#0 [internal function]: CodeIgniter\Debug\Exceptions->errorHandler(2, 'fopen(/opt/lamp...', '/opt/lampp/htdo...', 174, Array)
#1 /opt/lampp/htdocs/online_attendance_system/system/Session/Handlers/FileHandler.php(174): fopen('/opt/lampp/htdo...', 'c+b')
#2 [internal function]: CodeIgniter\Session\Handlers\FileHandler->read('fd33f9b40b33813...')
#3 /opt/lampp/htdocs/online_attendance_system/system/Session/Session.php(1005): session_start()
#4 /opt/lampp/htdocs/online_attendance_system/system/Session/Session.php(240): CodeIgniter\Session\Session->startSession()
#5 /opt/lampp/htdocs/online_attendance_system/system/Config/Services.php(788): CodeIgniter\Session\Session->start()
#6 /opt/lampp/htdocs/online_attendance_system/system/Config/BaseService.php(123): CodeIgniter\Config\Services::session(Object(Config\App), false)
#7 /opt/lampp/htdocs/online_attendance_system/system/Config/Services.php(769): CodeIgniter\Config\BaseService::getSharedInstance('session', NULL)
#8 /opt/lampp/htdocs/online_attendance_system/system/Common.php(926): CodeIgniter\Config\Services::session()
#9 /opt/lampp/htdocs/online_attendance_system/app/Controllers/LoginController.php(45): session()
#10 /opt/lampp/htdocs/online_attendance_system/app/Controllers/LoginController.php(30): App\Controllers\LoginController->createSession('nanda.afifah@st...')
#11 /opt/lampp/htdocs/online_attendance_system/system/CodeIgniter.php(918): App\Controllers\LoginController->checkLoginData()
#12 /opt/lampp/htdocs/online_attendance_system/system/CodeIgniter.php(404): CodeIgniter\CodeIgniter->runController(Object(App\Controllers\LoginController))
#13 /opt/lampp/htdocs/online_attendance_system/system/CodeIgniter.php(312): CodeIgniter\CodeIgniter->handleRequest(NULL, Object(Config\Cache), false)
#14 /opt/lampp/htdocs/online_attendance_system/public/index.php(45): CodeIgniter\CodeIgniter->run()
#15 {main}
